<?xml version="1.0" encoding="UTF-8"?>
<!-- Generated by org.testng.reporters.JUnitReportReporter -->
<testsuite hostname="LAPTOP-ARUG6BSB" failures="0" tests="1" name="Pakage.Assert_equlas" time="0.010" errors="0" timestamp="2022-08-23T09:31:04 IST" skipped="0">
  <testcase classname="Pakage.Assert_equlas" name="Tc1" time="0.010"/>
  <system-out>
    <![CDATA[Running Tc1]]>
  </system-out>
</testsuite> <!-- Pakage.Assert_equlas -->
