<?xml version="1.0" encoding="UTF-8"?>
<!-- Generated by org.testng.reporters.JUnitReportReporter -->
<testsuite hostname="LAPTOP-ARUG6BSB" failures="0" tests="2" name="TestNg.Enable_remove" time="0.007" errors="0" timestamp="2022-08-21T09:41:05 IST" skipped="1">
  <testcase classname="TestNg.Enable_remove" name="Tc" time="0.007"/>
  <system-out>
    <![CDATA[Hii]]>
  </system-out>
  <testcase classname="TestNg.Enable_remove" name="Tc1">
    <skipped/>
  </testcase> <!-- Tc1 -->
  <system-out/>
</testsuite> <!-- TestNg.Enable_remove -->
