<?xml version="1.0" encoding="UTF-8"?>
<!-- Generated by org.testng.reporters.JUnitReportReporter -->
<testsuite hostname="LAPTOP-ARUG6BSB" failures="0" tests="5" name="TestNg.Flags_or_Keywords" time="0.011" errors="0" timestamp="2022-08-21T09:38:58 IST" skipped="0">
  <testcase classname="TestNg.Flags_or_Keywords" name="TC" time="0.001"/>
  <system-out>
    <![CDATA[Hiii]]>
  </system-out>
  <testcase classname="TestNg.Flags_or_Keywords" name="TC" time="0.001"/>
  <system-out>
    <![CDATA[Hiii]]>
  </system-out>
  <testcase classname="TestNg.Flags_or_Keywords" name="TC" time="0.001"/>
  <system-out>
    <![CDATA[Hiii]]>
  </system-out>
  <testcase classname="TestNg.Flags_or_Keywords" name="TC" time="0.001"/>
  <system-out>
    <![CDATA[Hiii]]>
  </system-out>
  <testcase classname="TestNg.Flags_or_Keywords" name="TC" time="0.007"/>
  <system-out>
    <![CDATA[Hiii]]>
  </system-out>
</testsuite> <!-- TestNg.Flags_or_Keywords -->
