<?xml version="1.0" encoding="UTF-8"?>
<!-- Generated by org.testng.reporters.JUnitReportReporter -->
<testsuite hostname="LAPTOP-ARUG6BSB" failures="0" tests="3" name="TestNg.DependonGroup" time="0.015" errors="0" timestamp="2022-08-21T18:52:21 IST" skipped="0">
  <testcase classname="TestNg.DependonGroup" name="Test2" time="0.001"/>
  <system-out/>
  <testcase classname="TestNg.DependonGroup" name="Test1" time="0.014"/>
  <system-out/>
  <testcase classname="TestNg.DependonGroup" name="Test3" time="0.000"/>
  <system-out/>
</testsuite> <!-- TestNg.DependonGroup -->
