<?xml version="1.0" encoding="UTF-8"?>
<!-- Generated by org.testng.reporters.JUnitReportReporter -->
<testsuite hostname="LAPTOP-ARUG6BSB" failures="0" tests="1" name="AshwiniTestng.Testng" time="0.010" errors="0" timestamp="2022-08-18T00:35:07 IST" skipped="0">
  <testcase classname="AshwiniTestng.Testng" name="TC" time="0.010"/>
  <system-out>
    <![CDATA[I am fine]]>
  </system-out>
</testsuite> <!-- AshwiniTestng.Testng -->
