<?xml version="1.0" encoding="UTF-8"?>
<!-- Generated by org.testng.reporters.JUnitReportReporter -->
<testsuite hostname="LAPTOP-ARUG6BSB" failures="0" tests="1" name="TestNg.A" time="4.286" errors="0" timestamp="2022-08-21T09:42:24 IST" skipped="0">
  <testcase classname="TestNg.A" name="AC" time="4.286"/>
  <system-out/>
</testsuite> <!-- TestNg.A -->
