<?xml version="1.0" encoding="UTF-8"?>
<!-- Generated by org.testng.reporters.JUnitReportReporter -->
<testsuite hostname="LAPTOP-ARUG6BSB" failures="0" tests="4" name="TestNg.Priority" time="0.008" errors="0" timestamp="2022-08-21T11:50:40 IST" skipped="0">
  <testcase classname="TestNg.Priority" name="TC1" time="0.008"/>
  <system-out>
    <![CDATA[I am fine]]>
  </system-out>
  <testcase classname="TestNg.Priority" name="Tc2" time="0.000"/>
  <system-out>
    <![CDATA[Good byee]]>
  </system-out>
  <testcase classname="TestNg.Priority" name="Tc3" time="0.000"/>
  <system-out>
    <![CDATA[Hii]]>
  </system-out>
  <testcase classname="TestNg.Priority" name="Tc4" time="0.000"/>
  <system-out>
    <![CDATA[How are you]]>
  </system-out>
</testsuite> <!-- TestNg.Priority -->
