<?xml version="1.0" encoding="UTF-8"?>
<!-- Generated by org.testng.reporters.JUnitReportReporter -->
<testsuite hostname="LAPTOP-ARUG6BSB" failures="0" tests="3" name="TestNg.Disable_using_class" time="0.015" errors="0" timestamp="2022-08-18T22:37:35 IST" skipped="1">
  <testcase classname="TestNg.Disable_using_class" name="Tc1" time="0.014"/>
  <system-out>
    <![CDATA[Running tc1]]>
  </system-out>
  <testcase classname="TestNg.Disable_using_class" name="Tc2" time="0.001"/>
  <system-out>
    <![CDATA[Running Tc2]]>
  </system-out>
  <testcase classname="TestNg.Disable_using_class" name="Tc3">
    <skipped/>
  </testcase> <!-- Tc3 -->
  <system-out/>
</testsuite> <!-- TestNg.Disable_using_class -->
