<?xml version="1.0" encoding="UTF-8"?>
<!-- Generated by org.testng.reporters.JUnitReportReporter -->
<testsuite hostname="LAPTOP-ARUG6BSB" failures="0" tests="2" name="TestNg.Disable_Suit" time="0.015" errors="0" timestamp="2022-08-21T09:45:38 IST" skipped="0">
  <testcase classname="TestNg.Disable_Suit" name="Tc1" time="0.014"/>
  <system-out>
    <![CDATA[Running Tc1]]>
  </system-out>
  <testcase classname="TestNg.Disable_Suit" name="Tc2" time="0.001"/>
  <system-out>
    <![CDATA[Running Tc2]]>
  </system-out>
</testsuite> <!-- TestNg.Disable_Suit -->
