<?xml version="1.0" encoding="UTF-8"?>
<!-- Generated by org.testng.reporters.JUnitReportReporter -->
<testsuite hostname="LAPTOP-ARUG6BSB" failures="0" tests="2" name="TestNg.MultiBrowser" time="39.863" errors="0" timestamp="2022-08-22T13:11:10 IST" skipped="0">
  <testcase classname="TestNg.MultiBrowser" name="Browser" time="14.925"/>
  <system-out/>
  <testcase classname="TestNg.MultiBrowser" name="Browser" time="24.938"/>
  <system-out/>
</testsuite> <!-- TestNg.MultiBrowser -->
