<?xml version="1.0" encoding="UTF-8"?>
<!-- Generated by org.testng.reporters.JUnitReportReporter -->
<testsuite hostname="LAPTOP-ARUG6BSB" failures="0" tests="3" name="TestNg.Sample2" time="0.013" errors="0" timestamp="2022-08-18T22:28:09 IST" skipped="0">
  <testcase classname="TestNg.Sample2" name="Tc4" time="0.012"/>
  <system-out>
    <![CDATA[Running Tc4]]>
  </system-out>
  <testcase classname="TestNg.Sample2" name="Tc5" time="0.001"/>
  <system-out>
    <![CDATA[Runing Tc5]]>
  </system-out>
  <testcase classname="TestNg.Sample2" name="Tc6" time="0.000"/>
  <system-out>
    <![CDATA[Running Tc6]]>
  </system-out>
</testsuite> <!-- TestNg.Sample2 -->
