<?xml version="1.0" encoding="UTF-8"?>
<!-- Generated by org.testng.reporters.JUnitReportReporter -->
<testsuite hostname="LAPTOP-ARUG6BSB" failures="0" tests="1" name="TestNg.B" time="10.658" errors="0" timestamp="2022-08-19T22:42:08 IST" skipped="0">
  <testcase classname="TestNg.B" name="Tc1" time="10.658"/>
  <system-out/>
</testsuite> <!-- TestNg.B -->
