<?xml version="1.0" encoding="UTF-8"?>
<!-- Generated by org.testng.reporters.JUnitReportReporter -->
<testsuite hostname="LAPTOP-ARUG6BSB" failures="0" tests="1" name="TestNg.Emailable" time="0.006" errors="0" timestamp="2022-08-21T09:41:12 IST" skipped="0">
  <testcase classname="TestNg.Emailable" name="Tc" time="0.006"/>
  <system-out>
    <![CDATA[Hii]]>
  </system-out>
</testsuite> <!-- TestNg.Emailable -->
