<?xml version="1.0" encoding="UTF-8"?>
<!-- Generated by org.testng.reporters.JUnitReportReporter -->
<testsuite hostname="LAPTOP-ARUG6BSB" failures="0" tests="3" name="TestNg.Sample1" time="0.003" errors="0" timestamp="2022-08-18T22:28:09 IST" skipped="0">
  <testcase classname="TestNg.Sample1" name="Tc1" time="0.001"/>
  <system-out>
    <![CDATA[Running tc1]]>
  </system-out>
  <testcase classname="TestNg.Sample1" name="Tc2" time="0.001"/>
  <system-out>
    <![CDATA[Running Tc2]]>
  </system-out>
  <testcase classname="TestNg.Sample1" name="Tc3" time="0.001"/>
  <system-out>
    <![CDATA[Running Tc3]]>
  </system-out>
</testsuite> <!-- TestNg.Sample1 -->
