<?xml version="1.0" encoding="UTF-8"?>
<!-- Generated by org.testng.reporters.JUnitReportReporter -->
<testsuite hostname="LAPTOP-ARUG6BSB" failures="0" tests="3" name="TestNg.Sample3" time="0.009" errors="0" timestamp="2022-08-20T15:53:27 IST" skipped="0">
  <testcase classname="TestNg.Sample3" name="Tc7" time="0.007"/>
  <system-out>
    <![CDATA[Running Tc7]]>
  </system-out>
  <testcase classname="TestNg.Sample3" name="Tc8" time="0.001"/>
  <system-out>
    <![CDATA[Running Tc8]]>
  </system-out>
  <testcase classname="TestNg.Sample3" name="Tc9" time="0.001"/>
  <system-out>
    <![CDATA[Running tc9]]>
  </system-out>
</testsuite> <!-- TestNg.Sample3 -->
