<?xml version="1.0" encoding="UTF-8"?>
<!-- Generated by org.testng.reporters.JUnitReportReporter -->
<testsuite hostname="LAPTOP-ARUG6BSB" failures="0" tests="1" name="TestNg.Annotation" time="0.013" errors="0" timestamp="2022-08-21T09:41:52 IST" skipped="0">
  <testcase classname="TestNg.Annotation" name="verifyuserid" time="0.013"/>
  <system-out>
    <![CDATA[verify the userid]]>
  </system-out>
</testsuite> <!-- TestNg.Annotation -->
