<?xml version="1.0" encoding="UTF-8"?>
<!-- Generated by org.testng.reporters.JUnitReportReporter -->
<testsuite hostname="LAPTOP-ARUG6BSB" failures="0" tests="1" name="TestNg.E2" time="0.006" errors="0" timestamp="2022-08-21T09:41:20 IST" skipped="0">
  <testcase classname="TestNg.E2" name="Tc" time="0.006"/>
  <system-out>
    <![CDATA[Hello]]>
  </system-out>
</testsuite> <!-- TestNg.E2 -->
