<?xml version="1.0" encoding="UTF-8"?>
<!-- Generated by org.testng.reporters.JUnitReportReporter -->
<testsuite hostname="LAPTOP-ARUG6BSB" failures="0" tests="1" name="TestNg.Timeout" time="0.013" errors="0" timestamp="2022-08-24T12:50:26 IST" skipped="0">
  <testcase classname="TestNg.Timeout" name="TC" time="0.013"/>
  <system-out>
    <![CDATA[Hii Mayank]]>
  </system-out>
</testsuite> <!-- TestNg.Timeout -->
